before:
is_empty(int list:il_0,bool:b_0):=
forall int:u_0,(
 (ite b_0
     !list_member(il_0,u_0)
     (
      list_member(il_0,u_0) ||
      !list_head(il_0,u_0)
     )) ||
 (
  !b_0 ||
  !list_member(il_0,u_0)
 )
)
push(int:i_0,int list:il_0,int list:il_1):=
forall int:u_0,(
 (ite list_member(il_0,u_0)
     (
      list_member(il_1,u_0) &&
      (ite (u_0==i_0)
          list_head(il_1,u_0)
          !list_head(il_1,u_0))
     )
     (
      !list_head(il_0,u_0) &&
      (ite (u_0==i_0)
          (list_member(il_1,u_0) && list_head(il_1,u_0))
          (
           !list_member(il_1,u_0) &&
           !list_head(il_1,u_0)
          ))
     )) ||
 (ite list_member(il_1,u_0)
     (
      (u_0==i_0) ||
      (
       list_member(il_0,u_0) &&
       !list_head(il_1,u_0)
      )
     )
     (
      !(u_0==i_0) &&
      (
       !list_head(il_1,u_0) &&
       !list_member(il_0,u_0)
      )
     ))
)
tail(int list:il_0,int list:il_1):=
forall int:u_0,(
 (ite list_member(il_0,u_0)
     (list_member(il_1,u_0) || list_head(il_0,u_0))
     (
      !list_member(il_1,u_0) &&
      (
       !list_head(il_0,u_0) &&
       !list_head(il_1,u_0)
      )
     )) ||
 (ite list_head(il_0,u_0)
     list_member(il_0,u_0)
     (ite list_member(il_0,u_0)
         list_member(il_1,u_0)
         !list_member(il_1,u_0)))
)
top(int list:il_0,int:i_0):=
forall int:u_0,(
 (ite (u_0==i_0)
     (list_member(il_0,i_0) && list_head(il_0,i_0))
     !list_head(il_0,u_0)) ||
 (ite (u_0==i_0)
     list_head(il_0,i_0)
     (
      !list_member(il_0,u_0) ||
      !list_head(il_0,u_0)
     ))
)
after:
is_empty(int list:il_0,bool:b_0):=
forall int:u_0,(
 !b_0 ||
 !list_member(il_0,u_0)
)
push(int:i_0,int list:il_0,int list:il_1):=
forall int:u_0,(ite list_member(il_1,u_0)
    (
     (u_0==i_0) ||
     (
      list_member(il_0,u_0) &&
      !list_head(il_1,u_0)
     )
    )
    (
     !(u_0==i_0) &&
     (
      !list_member(il_0,u_0) &&
      !list_head(il_1,u_0)
     )
    ))
tail(int list:il_0,int list:il_1):=
forall int:u_0,(ite list_member(il_0,u_0)
    (list_head(il_0,u_0) || list_member(il_1,u_0))
    (
     !list_head(il_0,u_0) &&
     !list_member(il_1,u_0)
    ))
top(int list:il_0,int:i_0):=
forall int:u_0,(ite (u_0==i_0)
    list_head(il_0,i_0)
    (
     !list_member(il_0,u_0) ||
     !list_head(il_0,u_0)
    ))
